<?xml version="1.0" encoding="UTF-8"?>
<coverage generated="1670963588565" clover="3.2.0">
  <project timestamp="1670963588565" name="All files">
    <metrics statements="368" coveredstatements="351" conditionals="33" coveredconditionals="20" methods="69" coveredmethods="61" elements="470" coveredelements="432" complexity="0" loc="368" ncloc="368" packages="18" files="48" classes="48"/>
    <package name="src">
      <metrics statements="16" coveredstatements="15" conditionals="0" coveredconditionals="0" methods="3" coveredmethods="2"/>
      <file name="app.ts" path="/home/isael/Documents/ProjetosDriven/projeto19-drivenpass/src/app.ts">
        <metrics statements="16" coveredstatements="15" conditionals="0" coveredconditionals="0" methods="3" coveredmethods="2"/>
        <line num="1" count="7" type="stmt"/>
        <line num="2" count="7" type="stmt"/>
        <line num="3" count="7" type="stmt"/>
        <line num="4" count="7" type="stmt"/>
        <line num="6" count="7" type="stmt"/>
        <line num="8" count="7" type="stmt"/>
        <line num="10" count="7" type="stmt"/>
        <line num="17" count="7" type="stmt"/>
        <line num="18" count="7" type="stmt"/>
        <line num="21" count="1" type="stmt"/>
        <line num="27" count="7" type="stmt"/>
        <line num="28" count="7" type="stmt"/>
        <line num="29" count="7" type="stmt"/>
        <line num="32" count="7" type="stmt"/>
        <line num="33" count="0" type="stmt"/>
        <line num="36" count="7" type="stmt"/>
      </file>
    </package>
    <package name="src.config">
      <metrics statements="13" coveredstatements="12" conditionals="4" coveredconditionals="1" methods="3" coveredmethods="2"/>
      <file name="database.ts" path="/home/isael/Documents/ProjetosDriven/projeto19-drivenpass/src/config/database.ts">
        <metrics statements="5" coveredstatements="4" conditionals="0" coveredconditionals="0" methods="2" coveredmethods="1"/>
        <line num="1" count="9" type="stmt"/>
        <line num="4" count="9" type="stmt"/>
        <line num="5" count="7" type="stmt"/>
        <line num="8" count="9" type="stmt"/>
        <line num="9" count="0" type="stmt"/>
      </file>
      <file name="envs.ts" path="/home/isael/Documents/ProjetosDriven/projeto19-drivenpass/src/config/envs.ts">
        <metrics statements="6" coveredstatements="6" conditionals="4" coveredconditionals="1" methods="1" coveredmethods="1"/>
        <line num="1" count="9" type="stmt"/>
        <line num="2" count="9" type="stmt"/>
        <line num="4" count="9" type="stmt"/>
        <line num="6" count="16" type="cond" truecount="1" falsecount="1"/>
        <line num="12" count="16" type="stmt"/>
        <line num="13" count="16" type="stmt"/>
      </file>
      <file name="index.ts" path="/home/isael/Documents/ProjetosDriven/projeto19-drivenpass/src/config/index.ts">
        <metrics statements="2" coveredstatements="2" conditionals="0" coveredconditionals="0" methods="0" coveredmethods="0"/>
        <line num="1" count="9" type="stmt"/>
        <line num="2" count="9" type="stmt"/>
      </file>
    </package>
    <package name="src.controllers">
      <metrics statements="89" coveredstatements="80" conditionals="9" coveredconditionals="1" methods="9" coveredmethods="9"/>
      <file name="authentication-controller.ts" path="/home/isael/Documents/ProjetosDriven/projeto19-drivenpass/src/controllers/authentication-controller.ts">
        <metrics statements="8" coveredstatements="8" conditionals="0" coveredconditionals="0" methods="1" coveredmethods="1"/>
        <line num="1" count="7" type="stmt"/>
        <line num="3" count="7" type="stmt"/>
        <line num="5" count="7" type="stmt"/>
        <line num="6" count="5" type="stmt"/>
        <line num="8" count="5" type="stmt"/>
        <line num="9" count="5" type="stmt"/>
        <line num="11" count="3" type="stmt"/>
        <line num="13" count="2" type="stmt"/>
      </file>
      <file name="credentials-controller.ts" path="/home/isael/Documents/ProjetosDriven/projeto19-drivenpass/src/controllers/credentials-controller.ts">
        <metrics statements="36" coveredstatements="32" conditionals="4" coveredconditionals="0" methods="4" coveredmethods="4"/>
        <line num="1" count="7" type="stmt"/>
        <line num="3" count="7" type="stmt"/>
        <line num="6" count="7" type="stmt"/>
        <line num="8" count="7" type="stmt"/>
        <line num="9" count="3" type="stmt"/>
        <line num="10" count="3" type="stmt"/>
        <line num="11" count="3" type="stmt"/>
        <line num="12" count="3" type="stmt"/>
        <line num="13" count="1" type="stmt"/>
        <line num="15" count="2" type="stmt"/>
        <line num="19" count="7" type="stmt"/>
        <line num="20" count="2" type="stmt"/>
        <line num="21" count="2" type="stmt"/>
        <line num="22" count="2" type="cond" truecount="0" falsecount="1"/>
        <line num="23" count="0" type="stmt"/>
        <line num="26" count="2" type="stmt"/>
        <line num="27" count="2" type="stmt"/>
        <line num="29" count="1" type="stmt"/>
        <line num="31" count="1" type="cond" truecount="0" falsecount="1"/>
        <line num="32" count="0" type="stmt"/>
        <line num="35" count="1" type="stmt"/>
        <line num="39" count="7" type="stmt"/>
        <line num="40" count="2" type="stmt"/>
        <line num="41" count="2" type="stmt"/>
        <line num="42" count="2" type="cond" truecount="0" falsecount="1"/>
        <line num="43" count="0" type="stmt"/>
        <line num="45" count="2" type="stmt"/>
        <line num="46" count="2" type="stmt"/>
        <line num="48" count="1" type="stmt"/>
        <line num="50" count="1" type="cond" truecount="0" falsecount="1"/>
        <line num="51" count="0" type="stmt"/>
        <line num="54" count="1" type="stmt"/>
        <line num="58" count="7" type="stmt"/>
        <line num="59" count="1" type="stmt"/>
        <line num="60" count="1" type="stmt"/>
        <line num="62" count="1" type="stmt"/>
      </file>
      <file name="index.ts" path="/home/isael/Documents/ProjetosDriven/projeto19-drivenpass/src/controllers/index.ts">
        <metrics statements="3" coveredstatements="3" conditionals="0" coveredconditionals="0" methods="0" coveredmethods="0"/>
        <line num="1" count="7" type="stmt"/>
        <line num="2" count="7" type="stmt"/>
        <line num="3" count="7" type="stmt"/>
      </file>
      <file name="users-controller.ts" path="/home/isael/Documents/ProjetosDriven/projeto19-drivenpass/src/controllers/users-controller.ts">
        <metrics statements="10" coveredstatements="9" conditionals="1" coveredconditionals="1" methods="1" coveredmethods="1"/>
        <line num="1" count="7" type="stmt"/>
        <line num="3" count="7" type="stmt"/>
        <line num="5" count="7" type="stmt"/>
        <line num="6" count="2" type="stmt"/>
        <line num="8" count="2" type="stmt"/>
        <line num="9" count="2" type="stmt"/>
        <line num="10" count="1" type="stmt"/>
        <line num="15" count="1" type="cond" truecount="1" falsecount="0"/>
        <line num="16" count="1" type="stmt"/>
        <line num="18" count="0" type="stmt"/>
      </file>
      <file name="wifi-controller.ts" path="/home/isael/Documents/ProjetosDriven/projeto19-drivenpass/src/controllers/wifi-controller.ts">
        <metrics statements="32" coveredstatements="28" conditionals="4" coveredconditionals="0" methods="3" coveredmethods="3"/>
        <line num="1" count="7" type="stmt"/>
        <line num="3" count="7" type="stmt"/>
        <line num="5" count="7" type="stmt"/>
        <line num="7" count="7" type="stmt"/>
        <line num="8" count="3" type="stmt"/>
        <line num="9" count="3" type="stmt"/>
        <line num="10" count="3" type="stmt"/>
        <line num="11" count="3" type="stmt"/>
        <line num="13" count="1" type="stmt"/>
        <line num="15" count="2" type="stmt"/>
        <line num="19" count="7" type="stmt"/>
        <line num="20" count="2" type="stmt"/>
        <line num="21" count="2" type="stmt"/>
        <line num="23" count="2" type="cond" truecount="0" falsecount="1"/>
        <line num="24" count="0" type="stmt"/>
        <line num="27" count="2" type="stmt"/>
        <line num="28" count="2" type="stmt"/>
        <line num="30" count="1" type="stmt"/>
        <line num="32" count="1" type="cond" truecount="0" falsecount="1"/>
        <line num="33" count="0" type="stmt"/>
        <line num="36" count="1" type="stmt"/>
        <line num="40" count="7" type="stmt"/>
        <line num="41" count="2" type="stmt"/>
        <line num="42" count="2" type="stmt"/>
        <line num="43" count="2" type="cond" truecount="0" falsecount="1"/>
        <line num="44" count="0" type="stmt"/>
        <line num="46" count="2" type="stmt"/>
        <line num="47" count="2" type="stmt"/>
        <line num="49" count="1" type="stmt"/>
        <line num="51" count="1" type="cond" truecount="0" falsecount="1"/>
        <line num="52" count="0" type="stmt"/>
        <line num="55" count="1" type="stmt"/>
      </file>
    </package>
    <package name="src.errors">
      <metrics statements="27" coveredstatements="22" conditionals="0" coveredconditionals="0" methods="9" coveredmethods="4"/>
      <file name="cannot-enroll-before-start-date-error.ts" path="/home/isael/Documents/ProjetosDriven/projeto19-drivenpass/src/errors/cannot-enroll-before-start-date-error.ts">
        <metrics statements="2" coveredstatements="1" conditionals="0" coveredconditionals="0" methods="1" coveredmethods="0"/>
        <line num="3" count="7" type="stmt"/>
        <line num="4" count="0" type="stmt"/>
      </file>
      <file name="conflict-error.ts" path="/home/isael/Documents/ProjetosDriven/projeto19-drivenpass/src/errors/conflict-error.ts">
        <metrics statements="2" coveredstatements="2" conditionals="0" coveredconditionals="0" methods="1" coveredmethods="1"/>
        <line num="3" count="7" type="stmt"/>
        <line num="4" count="2" type="stmt"/>
      </file>
      <file name="index.ts" path="/home/isael/Documents/ProjetosDriven/projeto19-drivenpass/src/errors/index.ts">
        <metrics statements="9" coveredstatements="9" conditionals="0" coveredconditionals="0" methods="0" coveredmethods="0"/>
        <line num="1" count="7" type="stmt"/>
        <line num="2" count="7" type="stmt"/>
        <line num="3" count="7" type="stmt"/>
        <line num="4" count="7" type="stmt"/>
        <line num="5" count="7" type="stmt"/>
        <line num="6" count="7" type="stmt"/>
        <line num="7" count="7" type="stmt"/>
        <line num="8" count="7" type="stmt"/>
        <line num="9" count="7" type="stmt"/>
      </file>
      <file name="invalid-data-error.ts" path="/home/isael/Documents/ProjetosDriven/projeto19-drivenpass/src/errors/invalid-data-error.ts">
        <metrics statements="2" coveredstatements="2" conditionals="0" coveredconditionals="0" methods="1" coveredmethods="1"/>
        <line num="3" count="7" type="stmt"/>
        <line num="4" count="4" type="stmt"/>
      </file>
      <file name="invalid-email-error.ts" path="/home/isael/Documents/ProjetosDriven/projeto19-drivenpass/src/errors/invalid-email-error.ts">
        <metrics statements="2" coveredstatements="1" conditionals="0" coveredconditionals="0" methods="1" coveredmethods="0"/>
        <line num="3" count="7" type="stmt"/>
        <line num="4" count="0" type="stmt"/>
      </file>
      <file name="not-found-error.ts" path="/home/isael/Documents/ProjetosDriven/projeto19-drivenpass/src/errors/not-found-error.ts">
        <metrics statements="2" coveredstatements="2" conditionals="0" coveredconditionals="0" methods="1" coveredmethods="1"/>
        <line num="3" count="7" type="stmt"/>
        <line num="4" count="4" type="stmt"/>
      </file>
      <file name="request-error.ts" path="/home/isael/Documents/ProjetosDriven/projeto19-drivenpass/src/errors/request-error.ts">
        <metrics statements="2" coveredstatements="1" conditionals="0" coveredconditionals="0" methods="1" coveredmethods="0"/>
        <line num="3" count="7" type="stmt"/>
        <line num="4" count="0" type="stmt"/>
      </file>
      <file name="request-forbidden.ts" path="/home/isael/Documents/ProjetosDriven/projeto19-drivenpass/src/errors/request-forbidden.ts">
        <metrics statements="2" coveredstatements="1" conditionals="0" coveredconditionals="0" methods="1" coveredmethods="0"/>
        <line num="3" count="7" type="stmt"/>
        <line num="4" count="0" type="stmt"/>
      </file>
      <file name="unauthorized-error.ts" path="/home/isael/Documents/ProjetosDriven/projeto19-drivenpass/src/errors/unauthorized-error.ts">
        <metrics statements="2" coveredstatements="2" conditionals="0" coveredconditionals="0" methods="1" coveredmethods="1"/>
        <line num="3" count="7" type="stmt"/>
        <line num="4" count="24" type="stmt"/>
      </file>
      <file name="unprocessable-entity.ts" path="/home/isael/Documents/ProjetosDriven/projeto19-drivenpass/src/errors/unprocessable-entity.ts">
        <metrics statements="2" coveredstatements="1" conditionals="0" coveredconditionals="0" methods="1" coveredmethods="0"/>
        <line num="3" count="7" type="stmt"/>
        <line num="4" count="0" type="stmt"/>
      </file>
    </package>
    <package name="src.middlewares">
      <metrics statements="30" coveredstatements="29" conditionals="5" coveredconditionals="4" methods="7" coveredmethods="6"/>
      <file name="authentication-middleware.ts" path="/home/isael/Documents/ProjetosDriven/projeto19-drivenpass/src/middlewares/authentication-middleware.ts">
        <metrics statements="17" coveredstatements="17" conditionals="3" coveredconditionals="2" methods="2" coveredmethods="2"/>
        <line num="2" count="7" type="stmt"/>
        <line num="3" count="7" type="stmt"/>
        <line num="5" count="7" type="stmt"/>
        <line num="6" count="7" type="stmt"/>
        <line num="8" count="7" type="stmt"/>
        <line num="9" count="39" type="stmt"/>
        <line num="10" count="39" type="cond" truecount="1" falsecount="0"/>
        <line num="12" count="31" type="stmt"/>
        <line num="13" count="31" type="cond" truecount="0" falsecount="1"/>
        <line num="15" count="31" type="stmt"/>
        <line num="16" count="31" type="stmt"/>
        <line num="18" count="23" type="stmt"/>
        <line num="23" count="23" type="cond" truecount="1" falsecount="0"/>
        <line num="25" count="15" type="stmt"/>
        <line num="27" count="15" type="stmt"/>
        <line num="29" count="8" type="stmt"/>
        <line num="34" count="24" type="stmt"/>
      </file>
      <file name="index.ts" path="/home/isael/Documents/ProjetosDriven/projeto19-drivenpass/src/middlewares/index.ts">
        <metrics statements="2" coveredstatements="2" conditionals="0" coveredconditionals="0" methods="0" coveredmethods="0"/>
        <line num="1" count="7" type="stmt"/>
        <line num="2" count="7" type="stmt"/>
      </file>
      <file name="validation-middleware.ts" path="/home/isael/Documents/ProjetosDriven/projeto19-drivenpass/src/middlewares/validation-middleware.ts">
        <metrics statements="11" coveredstatements="10" conditionals="2" coveredconditionals="2" methods="5" coveredmethods="4"/>
        <line num="1" count="7" type="stmt"/>
        <line num="3" count="7" type="stmt"/>
        <line num="6" count="7" type="stmt"/>
        <line num="7" count="14" type="stmt"/>
        <line num="10" count="7" type="stmt"/>
        <line num="11" count="0" type="stmt"/>
        <line num="15" count="14" type="stmt"/>
        <line num="16" count="11" type="stmt"/>
        <line num="20" count="11" type="cond" truecount="2" falsecount="0"/>
        <line num="21" count="7" type="stmt"/>
        <line num="23" count="10" type="stmt"/>
      </file>
    </package>
    <package name="src.repositories.credentials-repository">
      <metrics statements="8" coveredstatements="8" conditionals="0" coveredconditionals="0" methods="5" coveredmethods="5"/>
      <file name="index.ts" path="/home/isael/Documents/ProjetosDriven/projeto19-drivenpass/src/repositories/credentials-repository/index.ts">
        <metrics statements="8" coveredstatements="8" conditionals="0" coveredconditionals="0" methods="5" coveredmethods="5"/>
        <line num="1" count="7" type="stmt"/>
        <line num="5" count="2" type="stmt"/>
        <line num="14" count="3" type="stmt"/>
        <line num="20" count="4" type="stmt"/>
        <line num="29" count="1" type="stmt"/>
        <line num="35" count="1" type="stmt"/>
        <line num="38" count="7" type="stmt"/>
        <line num="46" count="7" type="stmt"/>
      </file>
    </package>
    <package name="src.repositories.session-repository">
      <metrics statements="4" coveredstatements="4" conditionals="0" coveredconditionals="0" methods="1" coveredmethods="1"/>
      <file name="index.ts" path="/home/isael/Documents/ProjetosDriven/projeto19-drivenpass/src/repositories/session-repository/index.ts">
        <metrics statements="4" coveredstatements="4" conditionals="0" coveredconditionals="0" methods="1" coveredmethods="1"/>
        <line num="1" count="7" type="stmt"/>
        <line num="5" count="5" type="stmt"/>
        <line num="10" count="7" type="stmt"/>
        <line num="14" count="7" type="stmt"/>
      </file>
    </package>
    <package name="src.repositories.user-repository">
      <metrics statements="8" coveredstatements="8" conditionals="1" coveredconditionals="1" methods="2" coveredmethods="2"/>
      <file name="index.ts" path="/home/isael/Documents/ProjetosDriven/projeto19-drivenpass/src/repositories/user-repository/index.ts">
        <metrics statements="8" coveredstatements="8" conditionals="1" coveredconditionals="1" methods="2" coveredmethods="2"/>
        <line num="1" count="7" type="stmt"/>
        <line num="5" count="14" type="stmt"/>
        <line num="11" count="14" type="cond" truecount="1" falsecount="0"/>
        <line num="12" count="9" type="stmt"/>
        <line num="15" count="14" type="stmt"/>
        <line num="19" count="3" type="stmt"/>
        <line num="24" count="7" type="stmt"/>
        <line num="29" count="7" type="stmt"/>
      </file>
    </package>
    <package name="src.repositories.wifi-repository">
      <metrics statements="7" coveredstatements="7" conditionals="0" coveredconditionals="0" methods="4" coveredmethods="4"/>
      <file name="index.ts" path="/home/isael/Documents/ProjetosDriven/projeto19-drivenpass/src/repositories/wifi-repository/index.ts">
        <metrics statements="7" coveredstatements="7" conditionals="0" coveredconditionals="0" methods="4" coveredmethods="4"/>
        <line num="1" count="7" type="stmt"/>
        <line num="5" count="1" type="stmt"/>
        <line num="14" count="3" type="stmt"/>
        <line num="23" count="4" type="stmt"/>
        <line num="32" count="1" type="stmt"/>
        <line num="35" count="7" type="stmt"/>
        <line num="42" count="7" type="stmt"/>
      </file>
    </package>
    <package name="src.routers">
      <metrics statements="30" coveredstatements="30" conditionals="0" coveredconditionals="0" methods="0" coveredmethods="0"/>
      <file name="authentication-router.ts" path="/home/isael/Documents/ProjetosDriven/projeto19-drivenpass/src/routers/authentication-router.ts">
        <metrics statements="7" coveredstatements="7" conditionals="0" coveredconditionals="0" methods="0" coveredmethods="0"/>
        <line num="1" count="7" type="stmt"/>
        <line num="2" count="7" type="stmt"/>
        <line num="3" count="7" type="stmt"/>
        <line num="4" count="7" type="stmt"/>
        <line num="6" count="7" type="stmt"/>
        <line num="8" count="7" type="stmt"/>
        <line num="10" count="7" type="stmt"/>
      </file>
      <file name="credentials-routers.ts" path="/home/isael/Documents/ProjetosDriven/projeto19-drivenpass/src/routers/credentials-routers.ts">
        <metrics statements="6" coveredstatements="6" conditionals="0" coveredconditionals="0" methods="0" coveredmethods="0"/>
        <line num="1" count="7" type="stmt"/>
        <line num="2" count="7" type="stmt"/>
        <line num="3" count="7" type="stmt"/>
        <line num="10" count="7" type="stmt"/>
        <line num="12" count="7" type="stmt"/>
        <line num="19" count="7" type="stmt"/>
      </file>
      <file name="index.ts" path="/home/isael/Documents/ProjetosDriven/projeto19-drivenpass/src/routers/index.ts">
        <metrics statements="4" coveredstatements="4" conditionals="0" coveredconditionals="0" methods="0" coveredmethods="0"/>
        <line num="1" count="7" type="stmt"/>
        <line num="2" count="7" type="stmt"/>
        <line num="3" count="7" type="stmt"/>
        <line num="4" count="7" type="stmt"/>
      </file>
      <file name="users-router.ts" path="/home/isael/Documents/ProjetosDriven/projeto19-drivenpass/src/routers/users-router.ts">
        <metrics statements="7" coveredstatements="7" conditionals="0" coveredconditionals="0" methods="0" coveredmethods="0"/>
        <line num="1" count="7" type="stmt"/>
        <line num="2" count="7" type="stmt"/>
        <line num="3" count="7" type="stmt"/>
        <line num="4" count="7" type="stmt"/>
        <line num="6" count="7" type="stmt"/>
        <line num="8" count="7" type="stmt"/>
        <line num="10" count="7" type="stmt"/>
      </file>
      <file name="wifi-router.ts" path="/home/isael/Documents/ProjetosDriven/projeto19-drivenpass/src/routers/wifi-router.ts">
        <metrics statements="6" coveredstatements="6" conditionals="0" coveredconditionals="0" methods="0" coveredmethods="0"/>
        <line num="1" count="7" type="stmt"/>
        <line num="2" count="7" type="stmt"/>
        <line num="3" count="7" type="stmt"/>
        <line num="5" count="7" type="stmt"/>
        <line num="7" count="7" type="stmt"/>
        <line num="13" count="7" type="stmt"/>
      </file>
    </package>
    <package name="src.schemas">
      <metrics statements="6" coveredstatements="6" conditionals="0" coveredconditionals="0" methods="0" coveredmethods="0"/>
      <file name="authentication-schemas.ts" path="/home/isael/Documents/ProjetosDriven/projeto19-drivenpass/src/schemas/authentication-schemas.ts">
        <metrics statements="2" coveredstatements="2" conditionals="0" coveredconditionals="0" methods="0" coveredmethods="0"/>
        <line num="2" count="9" type="stmt"/>
        <line num="4" count="9" type="stmt"/>
      </file>
      <file name="index.ts" path="/home/isael/Documents/ProjetosDriven/projeto19-drivenpass/src/schemas/index.ts">
        <metrics statements="2" coveredstatements="2" conditionals="0" coveredconditionals="0" methods="0" coveredmethods="0"/>
        <line num="1" count="9" type="stmt"/>
        <line num="2" count="9" type="stmt"/>
      </file>
      <file name="users-schemas.ts" path="/home/isael/Documents/ProjetosDriven/projeto19-drivenpass/src/schemas/users-schemas.ts">
        <metrics statements="2" coveredstatements="2" conditionals="0" coveredconditionals="0" methods="0" coveredmethods="0"/>
        <line num="2" count="9" type="stmt"/>
        <line num="4" count="9" type="stmt"/>
      </file>
    </package>
    <package name="src.services.authentication-service">
      <metrics statements="24" coveredstatements="24" conditionals="2" coveredconditionals="2" methods="5" coveredmethods="5"/>
      <file name="errors.ts" path="/home/isael/Documents/ProjetosDriven/projeto19-drivenpass/src/services/authentication-service/errors.ts">
        <metrics statements="2" coveredstatements="2" conditionals="0" coveredconditionals="0" methods="1" coveredmethods="1"/>
        <line num="3" count="7" type="stmt"/>
        <line num="4" count="6" type="stmt"/>
      </file>
      <file name="index.ts" path="/home/isael/Documents/ProjetosDriven/projeto19-drivenpass/src/services/authentication-service/index.ts">
        <metrics statements="22" coveredstatements="22" conditionals="2" coveredconditionals="2" methods="4" coveredmethods="4"/>
        <line num="1" count="7" type="stmt"/>
        <line num="2" count="7" type="stmt"/>
        <line num="3" count="7" type="stmt"/>
        <line num="5" count="7" type="stmt"/>
        <line num="6" count="7" type="stmt"/>
        <line num="7" count="7" type="stmt"/>
        <line num="10" count="9" type="stmt"/>
        <line num="12" count="9" type="stmt"/>
        <line num="14" count="7" type="stmt"/>
        <line num="16" count="5" type="stmt"/>
        <line num="18" count="5" type="stmt"/>
        <line num="25" count="9" type="stmt"/>
        <line num="26" count="9" type="cond" truecount="1" falsecount="0"/>
        <line num="28" count="7" type="stmt"/>
        <line num="32" count="5" type="stmt"/>
        <line num="33" count="5" type="stmt"/>
        <line num="38" count="5" type="stmt"/>
        <line num="42" count="7" type="stmt"/>
        <line num="43" count="7" type="cond" truecount="1" falsecount="0"/>
        <line num="55" count="7" type="stmt"/>
        <line num="59" count="7" type="stmt"/>
        <line num="60" count="7" type="stmt"/>
      </file>
    </package>
    <package name="src.services.credentials-service">
      <metrics statements="18" coveredstatements="18" conditionals="2" coveredconditionals="2" methods="5" coveredmethods="5"/>
      <file name="index.ts" path="/home/isael/Documents/ProjetosDriven/projeto19-drivenpass/src/services/credentials-service/index.ts">
        <metrics statements="18" coveredstatements="18" conditionals="2" coveredconditionals="2" methods="5" coveredmethods="5"/>
        <line num="1" count="7" type="stmt"/>
        <line num="3" count="7" type="stmt"/>
        <line num="4" count="7" type="stmt"/>
        <line num="7" count="3" type="stmt"/>
        <line num="8" count="3" type="cond" truecount="1" falsecount="0"/>
        <line num="10" count="2" type="stmt"/>
        <line num="15" count="2" type="stmt"/>
        <line num="19" count="4" type="stmt"/>
        <line num="23" count="4" type="cond" truecount="1" falsecount="0"/>
        <line num="25" count="2" type="stmt"/>
        <line num="32" count="1" type="stmt"/>
        <line num="33" count="1" type="stmt"/>
        <line num="34" count="1" type="stmt"/>
        <line num="35" count="1" type="stmt"/>
        <line num="40" count="2" type="stmt"/>
        <line num="41" count="1" type="stmt"/>
        <line num="44" count="7" type="stmt"/>
        <line num="51" count="7" type="stmt"/>
      </file>
    </package>
    <package name="src.services.users-service">
      <metrics statements="15" coveredstatements="15" conditionals="1" coveredconditionals="1" methods="3" coveredmethods="3"/>
      <file name="errors.ts" path="/home/isael/Documents/ProjetosDriven/projeto19-drivenpass/src/services/users-service/errors.ts">
        <metrics statements="2" coveredstatements="2" conditionals="0" coveredconditionals="0" methods="1" coveredmethods="1"/>
        <line num="3" count="7" type="stmt"/>
        <line num="4" count="3" type="stmt"/>
      </file>
      <file name="index.ts" path="/home/isael/Documents/ProjetosDriven/projeto19-drivenpass/src/services/users-service/index.ts">
        <metrics statements="13" coveredstatements="13" conditionals="1" coveredconditionals="1" methods="2" coveredmethods="2"/>
        <line num="1" count="7" type="stmt"/>
        <line num="3" count="7" type="stmt"/>
        <line num="4" count="7" type="stmt"/>
        <line num="6" count="7" type="stmt"/>
        <line num="7" count="5" type="stmt"/>
        <line num="9" count="3" type="stmt"/>
        <line num="10" count="3" type="stmt"/>
        <line num="17" count="5" type="stmt"/>
        <line num="18" count="5" type="cond" truecount="1" falsecount="0"/>
        <line num="19" count="2" type="stmt"/>
        <line num="25" count="7" type="stmt"/>
        <line num="29" count="7" type="stmt"/>
        <line num="30" count="7" type="stmt"/>
      </file>
    </package>
    <package name="src.services.wifi-service">
      <metrics statements="15" coveredstatements="15" conditionals="2" coveredconditionals="2" methods="3" coveredmethods="3"/>
      <file name="index.ts" path="/home/isael/Documents/ProjetosDriven/projeto19-drivenpass/src/services/wifi-service/index.ts">
        <metrics statements="15" coveredstatements="15" conditionals="2" coveredconditionals="2" methods="3" coveredmethods="3"/>
        <line num="1" count="7" type="stmt"/>
        <line num="3" count="7" type="stmt"/>
        <line num="4" count="7" type="stmt"/>
        <line num="7" count="3" type="stmt"/>
        <line num="9" count="3" type="cond" truecount="1" falsecount="0"/>
        <line num="10" count="1" type="stmt"/>
        <line num="13" count="2" type="stmt"/>
        <line num="18" count="1" type="stmt"/>
        <line num="22" count="4" type="stmt"/>
        <line num="26" count="4" type="cond" truecount="1" falsecount="0"/>
        <line num="28" count="2" type="stmt"/>
        <line num="35" count="2" type="stmt"/>
        <line num="36" count="1" type="stmt"/>
        <line num="39" count="7" type="stmt"/>
        <line num="45" count="7" type="stmt"/>
      </file>
    </package>
    <package name="src.utils">
      <metrics statements="13" coveredstatements="13" conditionals="0" coveredconditionals="0" methods="3" coveredmethods="3"/>
      <file name="criptrUtils.ts" path="/home/isael/Documents/ProjetosDriven/projeto19-drivenpass/src/utils/criptrUtils.ts">
        <metrics statements="8" coveredstatements="8" conditionals="0" coveredconditionals="0" methods="2" coveredmethods="2"/>
        <line num="1" count="7" type="stmt"/>
        <line num="2" count="7" type="stmt"/>
        <line num="3" count="7" type="stmt"/>
        <line num="5" count="7" type="stmt"/>
        <line num="7" count="7" type="stmt"/>
        <line num="8" count="11" type="stmt"/>
        <line num="11" count="7" type="stmt"/>
        <line num="12" count="7" type="stmt"/>
      </file>
      <file name="prisma-utils.ts" path="/home/isael/Documents/ProjetosDriven/projeto19-drivenpass/src/utils/prisma-utils.ts">
        <metrics statements="5" coveredstatements="5" conditionals="0" coveredconditionals="0" methods="1" coveredmethods="1"/>
        <line num="1" count="7" type="stmt"/>
        <line num="2" count="5" type="stmt"/>
        <line num="3" count="5" type="stmt"/>
        <line num="4" count="5" type="stmt"/>
        <line num="6" count="5" type="stmt"/>
      </file>
    </package>
    <package name="tests">
      <metrics statements="14" coveredstatements="14" conditionals="2" coveredconditionals="1" methods="2" coveredmethods="2"/>
      <file name="helpers.ts" path="/home/isael/Documents/ProjetosDriven/projeto19-drivenpass/tests/helpers.ts">
        <metrics statements="14" coveredstatements="14" conditionals="2" coveredconditionals="1" methods="2" coveredmethods="2"/>
        <line num="1" count="6" type="stmt"/>
        <line num="4" count="6" type="stmt"/>
        <line num="5" count="6" type="stmt"/>
        <line num="6" count="6" type="stmt"/>
        <line num="8" count="6" type="stmt"/>
        <line num="9" count="6" type="stmt"/>
        <line num="10" count="6" type="stmt"/>
        <line num="11" count="6" type="stmt"/>
        <line num="12" count="6" type="stmt"/>
        <line num="15" count="6" type="stmt"/>
        <line num="16" count="15" type="cond" truecount="1" falsecount="1"/>
        <line num="17" count="15" type="stmt"/>
        <line num="19" count="15" type="stmt"/>
        <line num="21" count="15" type="stmt"/>
      </file>
    </package>
    <package name="tests.factories">
      <metrics statements="31" coveredstatements="31" conditionals="5" coveredconditionals="5" methods="5" coveredmethods="5"/>
      <file name="credentials-factory.ts" path="/home/isael/Documents/ProjetosDriven/projeto19-drivenpass/tests/factories/credentials-factory.ts">
        <metrics statements="6" coveredstatements="6" conditionals="0" coveredconditionals="0" methods="1" coveredmethods="1"/>
        <line num="1" count="6" type="stmt"/>
        <line num="2" count="6" type="stmt"/>
        <line num="3" count="6" type="stmt"/>
        <line num="6" count="6" type="stmt"/>
        <line num="7" count="4" type="stmt"/>
        <line num="8" count="4" type="stmt"/>
      </file>
      <file name="index.ts" path="/home/isael/Documents/ProjetosDriven/projeto19-drivenpass/tests/factories/index.ts">
        <metrics statements="4" coveredstatements="4" conditionals="0" coveredconditionals="0" methods="0" coveredmethods="0"/>
        <line num="1" count="6" type="stmt"/>
        <line num="2" count="6" type="stmt"/>
        <line num="3" count="6" type="stmt"/>
        <line num="4" count="6" type="stmt"/>
      </file>
      <file name="sessions-factory.ts" path="/home/isael/Documents/ProjetosDriven/projeto19-drivenpass/tests/factories/sessions-factory.ts">
        <metrics statements="5" coveredstatements="5" conditionals="0" coveredconditionals="0" methods="1" coveredmethods="1"/>
        <line num="2" count="6" type="stmt"/>
        <line num="3" count="6" type="stmt"/>
        <line num="5" count="6" type="stmt"/>
        <line num="6" count="15" type="stmt"/>
        <line num="8" count="15" type="stmt"/>
      </file>
      <file name="users-factory.ts" path="/home/isael/Documents/ProjetosDriven/projeto19-drivenpass/tests/factories/users-factory.ts">
        <metrics statements="10" coveredstatements="10" conditionals="5" coveredconditionals="5" methods="2" coveredmethods="2"/>
        <line num="1" count="6" type="stmt"/>
        <line num="2" count="6" type="stmt"/>
        <line num="4" count="6" type="stmt"/>
        <line num="6" count="6" type="cond" truecount="1" falsecount="0"/>
        <line num="7" count="47" type="cond" truecount="2" falsecount="0"/>
        <line num="8" count="47" type="stmt"/>
        <line num="10" count="47" type="stmt"/>
        <line num="18" count="6" type="stmt"/>
        <line num="19" count="1" type="stmt"/>
        <line num="25" count="1" type="stmt"/>
      </file>
      <file name="wifi-factory.ts" path="/home/isael/Documents/ProjetosDriven/projeto19-drivenpass/tests/factories/wifi-factory.ts">
        <metrics statements="6" coveredstatements="6" conditionals="0" coveredconditionals="0" methods="1" coveredmethods="1"/>
        <line num="1" count="6" type="stmt"/>
        <line num="2" count="6" type="stmt"/>
        <line num="3" count="6" type="stmt"/>
        <line num="6" count="6" type="stmt"/>
        <line num="7" count="3" type="stmt"/>
        <line num="8" count="3" type="stmt"/>
      </file>
    </package>
  </project>
</coverage>
