TN:
SF:src/app.ts
FN:20,(anonymous_1)
FN:25,init
FN:30,close
FNF:3
FNH:2
FNDA:1,(anonymous_1)
FNDA:6,init
FNDA:0,close
DA:1,6
DA:2,6
DA:3,6
DA:4,6
DA:6,6
DA:8,6
DA:10,6
DA:16,6
DA:17,6
DA:20,1
DA:25,6
DA:26,6
DA:27,6
DA:30,6
DA:31,0
DA:34,6
LF:16
LH:15
BRF:0
BRH:0
end_of_record
TN:
SF:src/config/database.ts
FN:4,connectDb
FN:8,disconnectDB
FNF:2
FNH:1
FNDA:6,connectDb
FNDA:0,disconnectDB
DA:1,8
DA:4,8
DA:5,6
DA:8,8
DA:9,0
LF:5
LH:4
BRF:0
BRH:0
end_of_record
TN:
SF:src/config/envs.ts
FN:4,loadEnv
FNF:1
FNH:1
FNDA:14,loadEnv
DA:1,8
DA:2,8
DA:4,8
DA:6,14
DA:12,14
DA:13,14
LF:6
LH:6
BRDA:6,0,0,14
BRDA:6,0,1,0
BRDA:8,1,0,0
BRDA:8,1,1,0
BRF:4
BRH:1
end_of_record
TN:
SF:src/config/index.ts
FNF:0
FNH:0
DA:1,8
DA:2,8
LF:2
LH:2
BRF:0
BRH:0
end_of_record
TN:
SF:src/controllers/authentication-controller.ts
FN:5,singInPost
FNF:1
FNH:1
FNDA:5,singInPost
DA:1,6
DA:3,6
DA:5,6
DA:6,5
DA:8,5
DA:9,5
DA:11,3
DA:13,2
LF:8
LH:8
BRF:0
BRH:0
end_of_record
TN:
SF:src/controllers/credentials-controller.ts
FN:7,createCredentials
FN:18,getCredential
FN:39,credentialsDelete
FNF:3
FNH:1
FNDA:3,createCredentials
FNDA:0,getCredential
FNDA:0,credentialsDelete
DA:1,6
DA:3,6
DA:5,6
DA:7,6
DA:8,3
DA:9,3
DA:10,3
DA:11,3
DA:12,1
DA:14,2
DA:18,6
DA:19,0
DA:20,0
DA:22,0
DA:23,0
DA:26,0
DA:27,0
DA:29,0
DA:31,0
DA:32,0
DA:35,0
DA:39,6
DA:40,0
DA:41,0
DA:43,0
DA:44,0
DA:46,0
LF:27
LH:12
BRDA:22,0,0,0
BRDA:31,1,0,0
BRDA:43,2,0,0
BRF:3
BRH:0
end_of_record
TN:
SF:src/controllers/index.ts
FNF:0
FNH:0
DA:1,6
DA:2,6
DA:3,6
LF:3
LH:3
BRF:0
BRH:0
end_of_record
TN:
SF:src/controllers/users-controller.ts
FN:5,usersPost
FNF:1
FNH:1
FNDA:2,usersPost
DA:1,6
DA:3,6
DA:5,6
DA:6,2
DA:8,2
DA:9,2
DA:10,1
DA:15,1
DA:16,1
DA:18,0
LF:10
LH:9
BRDA:15,0,0,1
BRF:1
BRH:1
end_of_record
TN:
SF:src/errors/cannot-enroll-before-start-date-error.ts
FN:3,cannotEnrollBeforeStartDateError
FNF:1
FNH:0
FNDA:0,cannotEnrollBeforeStartDateError
DA:3,6
DA:4,0
LF:2
LH:1
BRF:0
BRH:0
end_of_record
TN:
SF:src/errors/conflict-error.ts
FN:3,conflictError
FNF:1
FNH:1
FNDA:1,conflictError
DA:3,6
DA:4,1
LF:2
LH:2
BRF:0
BRH:0
end_of_record
TN:
SF:src/errors/index.ts
FNF:0
FNH:0
DA:1,6
DA:2,6
DA:3,6
DA:4,6
DA:5,6
DA:6,6
DA:7,6
DA:8,6
DA:9,6
LF:9
LH:9
BRF:0
BRH:0
end_of_record
TN:
SF:src/errors/invalid-data-error.ts
FN:3,invalidDataError
FNF:1
FNH:1
FNDA:4,invalidDataError
DA:3,6
DA:4,4
LF:2
LH:2
BRF:0
BRH:0
end_of_record
TN:
SF:src/errors/invalid-email-error.ts
FN:3,invalidEmailError
FNF:1
FNH:0
FNDA:0,invalidEmailError
DA:3,6
DA:4,0
LF:2
LH:1
BRF:0
BRH:0
end_of_record
TN:
SF:src/errors/not-found-error.ts
FN:3,notFoundError
FNF:1
FNH:0
FNDA:0,notFoundError
DA:3,6
DA:4,0
LF:2
LH:1
BRF:0
BRH:0
end_of_record
TN:
SF:src/errors/request-error.ts
FN:3,requestError
FNF:1
FNH:0
FNDA:0,requestError
DA:3,6
DA:4,0
LF:2
LH:1
BRF:0
BRH:0
end_of_record
TN:
SF:src/errors/request-forbidden.ts
FN:3,forbidden
FNF:1
FNH:0
FNDA:0,forbidden
DA:3,6
DA:4,0
LF:2
LH:1
BRF:0
BRH:0
end_of_record
TN:
SF:src/errors/unauthorized-error.ts
FN:3,unauthorizedError
FNF:1
FNH:1
FNDA:3,unauthorizedError
DA:3,6
DA:4,3
LF:2
LH:2
BRF:0
BRH:0
end_of_record
TN:
SF:src/errors/unprocessable-entity.ts
FN:3,unprocessableEntity
FNF:1
FNH:0
FNDA:0,unprocessableEntity
DA:3,6
DA:4,0
LF:2
LH:1
BRF:0
BRH:0
end_of_record
TN:
SF:src/middlewares/authentication-middleware.ts
FN:8,authenticateToken
FN:33,generateUnauthorizedResponse
FNF:2
FNH:2
FNDA:6,authenticateToken
FNDA:3,generateUnauthorizedResponse
DA:2,6
DA:3,6
DA:5,6
DA:6,6
DA:8,6
DA:9,6
DA:10,6
DA:12,5
DA:13,5
DA:15,5
DA:16,5
DA:18,4
DA:23,4
DA:25,3
DA:27,3
DA:29,1
DA:34,3
LF:17
LH:17
BRDA:10,0,0,1
BRDA:13,1,0,0
BRDA:23,2,0,1
BRF:3
BRH:2
end_of_record
TN:
SF:src/middlewares/index.ts
FNF:0
FNH:0
DA:1,6
DA:2,6
LF:2
LH:2
BRF:0
BRH:0
end_of_record
TN:
SF:src/middlewares/validation-middleware.ts
FN:6,validateBody
FN:10,validateParams
FN:14,validate
FN:15,(anonymous_4)
FN:23,(anonymous_5)
FNF:5
FNH:4
FNDA:12,validateBody
FNDA:0,validateParams
FNDA:12,validate
FNDA:11,(anonymous_4)
FNDA:10,(anonymous_5)
DA:1,6
DA:3,6
DA:6,6
DA:7,12
DA:10,6
DA:11,0
DA:15,12
DA:16,11
DA:20,11
DA:21,7
DA:23,10
LF:11
LH:10
BRDA:20,0,0,7
BRDA:20,0,1,4
BRF:2
BRH:2
end_of_record
TN:
SF:src/repositories/credentials-repository/index.ts
FN:4,insertCredential
FN:13,getCredentialByTitle
FN:19,getCredential
FNF:3
FNH:2
FNDA:2,insertCredential
FNDA:3,getCredentialByTitle
FNDA:0,getCredential
DA:1,6
DA:5,2
DA:14,3
DA:20,0
DA:28,6
DA:34,6
LF:6
LH:5
BRF:0
BRH:0
end_of_record
TN:
SF:src/repositories/session-repository/index.ts
FN:4,create
FNF:1
FNH:1
FNDA:5,create
DA:1,6
DA:5,5
DA:10,6
DA:14,6
LF:4
LH:4
BRF:0
BRH:0
end_of_record
TN:
SF:src/repositories/user-repository/index.ts
FN:4,findByEmail
FN:18,create
FNF:2
FNH:2
FNDA:14,findByEmail
FNDA:3,create
DA:1,6
DA:5,14
DA:11,14
DA:12,9
DA:15,14
DA:19,3
DA:24,6
DA:29,6
LF:8
LH:8
BRDA:11,0,0,9
BRF:1
BRH:1
end_of_record
TN:
SF:src/routers/authentication-router.ts
FNF:0
FNH:0
DA:1,6
DA:2,6
DA:3,6
DA:4,6
DA:6,6
DA:8,6
DA:10,6
LF:7
LH:7
BRF:0
BRH:0
end_of_record
TN:
SF:src/routers/credentials-routers.ts
FNF:0
FNH:0
DA:1,6
DA:2,6
DA:3,6
DA:5,6
DA:7,6
DA:13,6
LF:6
LH:6
BRF:0
BRH:0
end_of_record
TN:
SF:src/routers/index.ts
FNF:0
FNH:0
DA:1,6
DA:2,6
DA:3,6
LF:3
LH:3
BRF:0
BRH:0
end_of_record
TN:
SF:src/routers/users-router.ts
FNF:0
FNH:0
DA:1,6
DA:2,6
DA:3,6
DA:4,6
DA:6,6
DA:8,6
DA:10,6
LF:7
LH:7
BRF:0
BRH:0
end_of_record
TN:
SF:src/schemas/authentication-schemas.ts
FNF:0
FNH:0
DA:2,8
DA:4,8
LF:2
LH:2
BRF:0
BRH:0
end_of_record
TN:
SF:src/schemas/index.ts
FNF:0
FNH:0
DA:1,8
DA:2,8
LF:2
LH:2
BRF:0
BRH:0
end_of_record
TN:
SF:src/schemas/users-schemas.ts
FNF:0
FNH:0
DA:2,8
DA:4,8
LF:2
LH:2
BRF:0
BRH:0
end_of_record
TN:
SF:src/services/authentication-service/errors.ts
FN:3,invalidCredentialsError
FNF:1
FNH:1
FNDA:6,invalidCredentialsError
DA:3,6
DA:4,6
LF:2
LH:2
BRF:0
BRH:0
end_of_record
TN:
SF:src/services/authentication-service/index.ts
FN:9,signIn
FN:24,getUserOrFail
FN:31,createSession
FN:41,validatePasswordOrFail
FNF:4
FNH:4
FNDA:9,signIn
FNDA:9,getUserOrFail
FNDA:5,createSession
FNDA:7,validatePasswordOrFail
DA:1,6
DA:2,6
DA:3,6
DA:5,6
DA:6,6
DA:7,6
DA:10,9
DA:12,9
DA:14,7
DA:16,5
DA:18,5
DA:25,9
DA:26,9
DA:28,7
DA:32,5
DA:33,5
DA:38,5
DA:42,7
DA:43,7
DA:55,6
DA:59,6
DA:60,6
LF:22
LH:22
BRDA:26,0,0,2
BRDA:43,1,0,2
BRF:2
BRH:2
end_of_record
TN:
SF:src/services/credentials-service/index.ts
FN:6,createCredential
FN:18,getCredential
FNF:2
FNH:1
FNDA:3,createCredential
FNDA:0,getCredential
DA:1,6
DA:3,6
DA:4,6
DA:7,3
DA:8,3
DA:10,2
DA:15,2
DA:19,0
DA:23,0
DA:25,0
DA:31,6
DA:36,6
LF:12
LH:9
BRDA:8,0,0,1
BRDA:23,1,0,0
BRF:2
BRH:1
end_of_record
TN:
SF:src/services/users-service/errors.ts
FN:3,duplicatedEmailError
FNF:1
FNH:1
FNDA:3,duplicatedEmailError
DA:3,6
DA:4,3
LF:2
LH:2
BRF:0
BRH:0
end_of_record
TN:
SF:src/services/users-service/index.ts
FN:6,createUser
FN:16,validateUniqueEmailOrFail
FNF:2
FNH:2
FNDA:5,createUser
FNDA:5,validateUniqueEmailOrFail
DA:1,6
DA:3,6
DA:4,6
DA:6,6
DA:7,5
DA:9,3
DA:10,3
DA:17,5
DA:18,5
DA:19,2
DA:25,6
DA:29,6
DA:30,6
LF:13
LH:13
BRDA:18,0,0,2
BRF:1
BRH:1
end_of_record
TN:
SF:src/utils/criptrUtils.ts
FN:7,encrypt
FN:11,decrypt
FNF:2
FNH:1
FNDA:3,encrypt
FNDA:0,decrypt
DA:1,6
DA:2,6
DA:3,6
DA:5,6
DA:7,6
DA:8,3
DA:11,6
DA:12,0
LF:8
LH:7
BRF:0
BRH:0
end_of_record
TN:
SF:src/utils/prisma-utils.ts
FN:1,exclude
FNF:1
FNH:1
FNDA:5,exclude
DA:1,6
DA:2,5
DA:3,5
DA:4,5
DA:6,5
LF:5
LH:5
BRF:0
BRH:0
end_of_record
TN:
SF:tests/helpers.ts
FN:8,cleanDb
FN:14,generateValidToken
FNF:2
FNH:2
FNDA:5,cleanDb
FNDA:3,generateValidToken
DA:1,5
DA:4,5
DA:5,5
DA:6,5
DA:8,5
DA:9,5
DA:10,5
DA:11,5
DA:14,5
DA:15,3
DA:16,3
DA:18,3
DA:20,3
LF:13
LH:13
BRDA:15,0,0,3
BRDA:15,0,1,0
BRF:2
BRH:1
end_of_record
TN:
SF:tests/factories/credentials-factory.ts
FN:7,createCredential
FNF:1
FNH:1
FNDA:1,createCredential
DA:1,5
DA:3,5
DA:4,5
DA:7,5
DA:8,1
DA:9,1
LF:6
LH:6
BRF:0
BRH:0
end_of_record
TN:
SF:tests/factories/index.ts
FNF:0
FNH:0
DA:1,5
DA:2,5
DA:3,5
LF:3
LH:3
BRF:0
BRH:0
end_of_record
TN:
SF:tests/factories/sessions-factory.ts
FN:5,createSession
FNF:1
FNH:1
FNDA:3,createSession
DA:2,5
DA:3,5
DA:5,5
DA:6,3
DA:8,3
LF:5
LH:5
BRF:0
BRH:0
end_of_record
TN:
SF:tests/factories/users-factory.ts
FN:6,createUser
FN:18,findUserByEmail
FNF:2
FNH:2
FNDA:16,createUser
FNDA:1,findUserByEmail
DA:1,5
DA:2,5
DA:4,5
DA:6,5
DA:7,16
DA:8,16
DA:10,16
DA:18,5
DA:19,1
DA:25,1
LF:10
LH:10
BRDA:6,0,0,8
BRDA:7,1,0,16
BRDA:7,1,1,8
BRDA:12,2,0,16
BRDA:12,2,1,8
BRF:5
BRH:5
end_of_record
