TN:
SF:src/app.ts
FN:21,(anonymous_1)
FN:27,init
FN:32,close
FNF:3
FNH:2
FNDA:1,(anonymous_1)
FNDA:7,init
FNDA:0,close
DA:1,7
DA:2,7
DA:3,7
DA:4,7
DA:6,7
DA:8,7
DA:10,7
DA:17,7
DA:18,7
DA:21,1
DA:27,7
DA:28,7
DA:29,7
DA:32,7
DA:33,0
DA:36,7
LF:16
LH:15
BRF:0
BRH:0
end_of_record
TN:
SF:src/config/database.ts
FN:4,connectDb
FN:8,disconnectDB
FNF:2
FNH:1
FNDA:7,connectDb
FNDA:0,disconnectDB
DA:1,9
DA:4,9
DA:5,7
DA:8,9
DA:9,0
LF:5
LH:4
BRF:0
BRH:0
end_of_record
TN:
SF:src/config/envs.ts
FN:4,loadEnv
FNF:1
FNH:1
FNDA:16,loadEnv
DA:1,9
DA:2,9
DA:4,9
DA:6,16
DA:12,16
DA:13,16
LF:6
LH:6
BRDA:6,0,0,16
BRDA:6,0,1,0
BRDA:8,1,0,0
BRDA:8,1,1,0
BRF:4
BRH:1
end_of_record
TN:
SF:src/config/index.ts
FNF:0
FNH:0
DA:1,9
DA:2,9
LF:2
LH:2
BRF:0
BRH:0
end_of_record
TN:
SF:src/controllers/authentication-controller.ts
FN:5,singInPost
FNF:1
FNH:1
FNDA:5,singInPost
DA:1,7
DA:3,7
DA:5,7
DA:6,5
DA:8,5
DA:9,5
DA:11,3
DA:13,2
LF:8
LH:8
BRF:0
BRH:0
end_of_record
TN:
SF:src/controllers/credentials-controller.ts
FN:8,createCredentials
FN:19,getCredential
FN:39,credentialsDelete
FN:58,getAllCredentials
FNF:4
FNH:4
FNDA:3,createCredentials
FNDA:2,getCredential
FNDA:2,credentialsDelete
FNDA:1,getAllCredentials
DA:1,7
DA:3,7
DA:6,7
DA:8,7
DA:9,3
DA:10,3
DA:11,3
DA:12,3
DA:13,1
DA:15,2
DA:19,7
DA:20,2
DA:21,2
DA:22,2
DA:23,0
DA:26,2
DA:27,2
DA:29,1
DA:31,1
DA:32,0
DA:35,1
DA:39,7
DA:40,2
DA:41,2
DA:42,2
DA:43,0
DA:45,2
DA:46,2
DA:48,1
DA:50,1
DA:51,0
DA:54,1
DA:58,7
DA:59,1
DA:60,1
DA:62,1
LF:36
LH:32
BRDA:22,0,0,0
BRDA:31,1,0,0
BRDA:42,2,0,0
BRDA:50,3,0,0
BRF:4
BRH:0
end_of_record
TN:
SF:src/controllers/index.ts
FNF:0
FNH:0
DA:1,7
DA:2,7
DA:3,7
LF:3
LH:3
BRF:0
BRH:0
end_of_record
TN:
SF:src/controllers/users-controller.ts
FN:5,usersPost
FNF:1
FNH:1
FNDA:2,usersPost
DA:1,7
DA:3,7
DA:5,7
DA:6,2
DA:8,2
DA:9,2
DA:10,1
DA:15,1
DA:16,1
DA:18,0
LF:10
LH:9
BRDA:15,0,0,1
BRF:1
BRH:1
end_of_record
TN:
SF:src/controllers/wifi-controller.ts
FN:7,createWifi
FN:19,getRedeWifiById
FN:40,deleteWifi
FNF:3
FNH:3
FNDA:3,createWifi
FNDA:2,getRedeWifiById
FNDA:2,deleteWifi
DA:1,7
DA:3,7
DA:5,7
DA:7,7
DA:8,3
DA:9,3
DA:10,3
DA:11,3
DA:13,1
DA:15,2
DA:19,7
DA:20,2
DA:21,2
DA:23,2
DA:24,0
DA:27,2
DA:28,2
DA:30,1
DA:32,1
DA:33,0
DA:36,1
DA:40,7
DA:41,2
DA:42,2
DA:43,2
DA:44,0
DA:46,2
DA:47,2
DA:49,1
DA:51,1
DA:52,0
DA:55,1
LF:32
LH:28
BRDA:23,0,0,0
BRDA:32,1,0,0
BRDA:43,2,0,0
BRDA:51,3,0,0
BRF:4
BRH:0
end_of_record
TN:
SF:src/errors/cannot-enroll-before-start-date-error.ts
FN:3,cannotEnrollBeforeStartDateError
FNF:1
FNH:0
FNDA:0,cannotEnrollBeforeStartDateError
DA:3,7
DA:4,0
LF:2
LH:1
BRF:0
BRH:0
end_of_record
TN:
SF:src/errors/conflict-error.ts
FN:3,conflictError
FNF:1
FNH:1
FNDA:2,conflictError
DA:3,7
DA:4,2
LF:2
LH:2
BRF:0
BRH:0
end_of_record
TN:
SF:src/errors/index.ts
FNF:0
FNH:0
DA:1,7
DA:2,7
DA:3,7
DA:4,7
DA:5,7
DA:6,7
DA:7,7
DA:8,7
DA:9,7
LF:9
LH:9
BRF:0
BRH:0
end_of_record
TN:
SF:src/errors/invalid-data-error.ts
FN:3,invalidDataError
FNF:1
FNH:1
FNDA:4,invalidDataError
DA:3,7
DA:4,4
LF:2
LH:2
BRF:0
BRH:0
end_of_record
TN:
SF:src/errors/invalid-email-error.ts
FN:3,invalidEmailError
FNF:1
FNH:0
FNDA:0,invalidEmailError
DA:3,7
DA:4,0
LF:2
LH:1
BRF:0
BRH:0
end_of_record
TN:
SF:src/errors/not-found-error.ts
FN:3,notFoundError
FNF:1
FNH:1
FNDA:4,notFoundError
DA:3,7
DA:4,4
LF:2
LH:2
BRF:0
BRH:0
end_of_record
TN:
SF:src/errors/request-error.ts
FN:3,requestError
FNF:1
FNH:0
FNDA:0,requestError
DA:3,7
DA:4,0
LF:2
LH:1
BRF:0
BRH:0
end_of_record
TN:
SF:src/errors/request-forbidden.ts
FN:3,forbidden
FNF:1
FNH:0
FNDA:0,forbidden
DA:3,7
DA:4,0
LF:2
LH:1
BRF:0
BRH:0
end_of_record
TN:
SF:src/errors/unauthorized-error.ts
FN:3,unauthorizedError
FNF:1
FNH:1
FNDA:24,unauthorizedError
DA:3,7
DA:4,24
LF:2
LH:2
BRF:0
BRH:0
end_of_record
TN:
SF:src/errors/unprocessable-entity.ts
FN:3,unprocessableEntity
FNF:1
FNH:0
FNDA:0,unprocessableEntity
DA:3,7
DA:4,0
LF:2
LH:1
BRF:0
BRH:0
end_of_record
TN:
SF:src/middlewares/authentication-middleware.ts
FN:8,authenticateToken
FN:33,generateUnauthorizedResponse
FNF:2
FNH:2
FNDA:39,authenticateToken
FNDA:24,generateUnauthorizedResponse
DA:2,7
DA:3,7
DA:5,7
DA:6,7
DA:8,7
DA:9,39
DA:10,39
DA:12,31
DA:13,31
DA:15,31
DA:16,31
DA:18,23
DA:23,23
DA:25,15
DA:27,15
DA:29,8
DA:34,24
LF:17
LH:17
BRDA:10,0,0,8
BRDA:13,1,0,0
BRDA:23,2,0,8
BRF:3
BRH:2
end_of_record
TN:
SF:src/middlewares/index.ts
FNF:0
FNH:0
DA:1,7
DA:2,7
LF:2
LH:2
BRF:0
BRH:0
end_of_record
TN:
SF:src/middlewares/validation-middleware.ts
FN:6,validateBody
FN:10,validateParams
FN:14,validate
FN:15,(anonymous_4)
FN:23,(anonymous_5)
FNF:5
FNH:4
FNDA:14,validateBody
FNDA:0,validateParams
FNDA:14,validate
FNDA:11,(anonymous_4)
FNDA:10,(anonymous_5)
DA:1,7
DA:3,7
DA:6,7
DA:7,14
DA:10,7
DA:11,0
DA:15,14
DA:16,11
DA:20,11
DA:21,7
DA:23,10
LF:11
LH:10
BRDA:20,0,0,7
BRDA:20,0,1,4
BRF:2
BRH:2
end_of_record
TN:
SF:src/repositories/credentials-repository/index.ts
FN:4,insertCredential
FN:13,getCredentialByTitle
FN:19,getCredential
FN:28,getAllCredential
FN:34,deleteCredential
FNF:5
FNH:5
FNDA:2,insertCredential
FNDA:3,getCredentialByTitle
FNDA:4,getCredential
FNDA:1,getAllCredential
FNDA:1,deleteCredential
DA:1,7
DA:5,2
DA:14,3
DA:20,4
DA:29,1
DA:35,1
DA:38,7
DA:46,7
LF:8
LH:8
BRF:0
BRH:0
end_of_record
TN:
SF:src/repositories/session-repository/index.ts
FN:4,create
FNF:1
FNH:1
FNDA:5,create
DA:1,7
DA:5,5
DA:10,7
DA:14,7
LF:4
LH:4
BRF:0
BRH:0
end_of_record
TN:
SF:src/repositories/user-repository/index.ts
FN:4,findByEmail
FN:18,create
FNF:2
FNH:2
FNDA:14,findByEmail
FNDA:3,create
DA:1,7
DA:5,14
DA:11,14
DA:12,9
DA:15,14
DA:19,3
DA:24,7
DA:29,7
LF:8
LH:8
BRDA:11,0,0,9
BRF:1
BRH:1
end_of_record
TN:
SF:src/repositories/wifi-repository/index.ts
FN:4,insertWifi
FN:13,findWifiWithUserIdAndName
FN:22,findWifiWithUserId
FN:31,deleteWifi
FNF:4
FNH:4
FNDA:1,insertWifi
FNDA:3,findWifiWithUserIdAndName
FNDA:4,findWifiWithUserId
FNDA:1,deleteWifi
DA:1,7
DA:5,1
DA:14,3
DA:23,4
DA:32,1
DA:35,7
DA:42,7
LF:7
LH:7
BRF:0
BRH:0
end_of_record
TN:
SF:src/routers/authentication-router.ts
FNF:0
FNH:0
DA:1,7
DA:2,7
DA:3,7
DA:4,7
DA:6,7
DA:8,7
DA:10,7
LF:7
LH:7
BRF:0
BRH:0
end_of_record
TN:
SF:src/routers/credentials-routers.ts
FNF:0
FNH:0
DA:1,7
DA:2,7
DA:3,7
DA:10,7
DA:12,7
DA:19,7
LF:6
LH:6
BRF:0
BRH:0
end_of_record
TN:
SF:src/routers/index.ts
FNF:0
FNH:0
DA:1,7
DA:2,7
DA:3,7
DA:4,7
LF:4
LH:4
BRF:0
BRH:0
end_of_record
TN:
SF:src/routers/users-router.ts
FNF:0
FNH:0
DA:1,7
DA:2,7
DA:3,7
DA:4,7
DA:6,7
DA:8,7
DA:10,7
LF:7
LH:7
BRF:0
BRH:0
end_of_record
TN:
SF:src/routers/wifi-router.ts
FNF:0
FNH:0
DA:1,7
DA:2,7
DA:3,7
DA:5,7
DA:7,7
DA:13,7
LF:6
LH:6
BRF:0
BRH:0
end_of_record
TN:
SF:src/schemas/authentication-schemas.ts
FNF:0
FNH:0
DA:2,9
DA:4,9
LF:2
LH:2
BRF:0
BRH:0
end_of_record
TN:
SF:src/schemas/index.ts
FNF:0
FNH:0
DA:1,9
DA:2,9
LF:2
LH:2
BRF:0
BRH:0
end_of_record
TN:
SF:src/schemas/users-schemas.ts
FNF:0
FNH:0
DA:2,9
DA:4,9
LF:2
LH:2
BRF:0
BRH:0
end_of_record
TN:
SF:src/services/authentication-service/errors.ts
FN:3,invalidCredentialsError
FNF:1
FNH:1
FNDA:6,invalidCredentialsError
DA:3,7
DA:4,6
LF:2
LH:2
BRF:0
BRH:0
end_of_record
TN:
SF:src/services/authentication-service/index.ts
FN:9,signIn
FN:24,getUserOrFail
FN:31,createSession
FN:41,validatePasswordOrFail
FNF:4
FNH:4
FNDA:9,signIn
FNDA:9,getUserOrFail
FNDA:5,createSession
FNDA:7,validatePasswordOrFail
DA:1,7
DA:2,7
DA:3,7
DA:5,7
DA:6,7
DA:7,7
DA:10,9
DA:12,9
DA:14,7
DA:16,5
DA:18,5
DA:25,9
DA:26,9
DA:28,7
DA:32,5
DA:33,5
DA:38,5
DA:42,7
DA:43,7
DA:55,7
DA:59,7
DA:60,7
LF:22
LH:22
BRDA:26,0,0,2
BRDA:43,1,0,2
BRF:2
BRH:2
end_of_record
TN:
SF:src/services/credentials-service/index.ts
FN:6,createCredential
FN:18,getCredential
FN:31,getAllCredentials
FN:33,(anonymous_4)
FN:39,deleteCredential
FNF:5
FNH:5
FNDA:3,createCredential
FNDA:4,getCredential
FNDA:1,getAllCredentials
FNDA:1,(anonymous_4)
FNDA:2,deleteCredential
DA:1,7
DA:3,7
DA:4,7
DA:7,3
DA:8,3
DA:10,2
DA:15,2
DA:19,4
DA:23,4
DA:25,2
DA:32,1
DA:33,1
DA:34,1
DA:35,1
DA:40,2
DA:41,1
DA:44,7
DA:51,7
LF:18
LH:18
BRDA:8,0,0,1
BRDA:23,1,0,2
BRF:2
BRH:2
end_of_record
TN:
SF:src/services/users-service/errors.ts
FN:3,duplicatedEmailError
FNF:1
FNH:1
FNDA:3,duplicatedEmailError
DA:3,7
DA:4,3
LF:2
LH:2
BRF:0
BRH:0
end_of_record
TN:
SF:src/services/users-service/index.ts
FN:6,createUser
FN:16,validateUniqueEmailOrFail
FNF:2
FNH:2
FNDA:5,createUser
FNDA:5,validateUniqueEmailOrFail
DA:1,7
DA:3,7
DA:4,7
DA:6,7
DA:7,5
DA:9,3
DA:10,3
DA:17,5
DA:18,5
DA:19,2
DA:25,7
DA:29,7
DA:30,7
LF:13
LH:13
BRDA:18,0,0,2
BRF:1
BRH:1
end_of_record
TN:
SF:src/services/wifi-service/index.ts
FN:6,createWifi
FN:21,getWifiById
FN:34,deleteWifi
FNF:3
FNH:3
FNDA:3,createWifi
FNDA:4,getWifiById
FNDA:2,deleteWifi
DA:1,7
DA:3,7
DA:4,7
DA:7,3
DA:9,3
DA:10,1
DA:13,2
DA:18,1
DA:22,4
DA:26,4
DA:28,2
DA:35,2
DA:36,1
DA:39,7
DA:45,7
LF:15
LH:15
BRDA:9,0,0,1
BRDA:26,1,0,2
BRF:2
BRH:2
end_of_record
TN:
SF:src/utils/criptrUtils.ts
FN:7,encrypt
FN:11,decrypt
FNF:2
FNH:2
FNDA:11,encrypt
FNDA:7,decrypt
DA:1,7
DA:2,7
DA:3,7
DA:5,7
DA:7,7
DA:8,11
DA:11,7
DA:12,7
LF:8
LH:8
BRF:0
BRH:0
end_of_record
TN:
SF:src/utils/prisma-utils.ts
FN:1,exclude
FNF:1
FNH:1
FNDA:5,exclude
DA:1,7
DA:2,5
DA:3,5
DA:4,5
DA:6,5
LF:5
LH:5
BRF:0
BRH:0
end_of_record
TN:
SF:tests/helpers.ts
FN:8,cleanDb
FN:15,generateValidToken
FNF:2
FNH:2
FNDA:6,cleanDb
FNDA:15,generateValidToken
DA:1,6
DA:4,6
DA:5,6
DA:6,6
DA:8,6
DA:9,6
DA:10,6
DA:11,6
DA:12,6
DA:15,6
DA:16,15
DA:17,15
DA:19,15
DA:21,15
LF:14
LH:14
BRDA:16,0,0,15
BRDA:16,0,1,0
BRF:2
BRH:1
end_of_record
TN:
SF:tests/factories/credentials-factory.ts
FN:6,createCredential
FNF:1
FNH:1
FNDA:4,createCredential
DA:1,6
DA:2,6
DA:3,6
DA:6,6
DA:7,4
DA:8,4
LF:6
LH:6
BRF:0
BRH:0
end_of_record
TN:
SF:tests/factories/index.ts
FNF:0
FNH:0
DA:1,6
DA:2,6
DA:3,6
DA:4,6
LF:4
LH:4
BRF:0
BRH:0
end_of_record
TN:
SF:tests/factories/sessions-factory.ts
FN:5,createSession
FNF:1
FNH:1
FNDA:15,createSession
DA:2,6
DA:3,6
DA:5,6
DA:6,15
DA:8,15
LF:5
LH:5
BRF:0
BRH:0
end_of_record
TN:
SF:tests/factories/users-factory.ts
FN:6,createUser
FN:18,findUserByEmail
FNF:2
FNH:2
FNDA:47,createUser
FNDA:1,findUserByEmail
DA:1,6
DA:2,6
DA:4,6
DA:6,6
DA:7,47
DA:8,47
DA:10,47
DA:18,6
DA:19,1
DA:25,1
LF:10
LH:10
BRDA:6,0,0,39
BRDA:7,1,0,47
BRDA:7,1,1,39
BRDA:12,2,0,47
BRDA:12,2,1,39
BRF:5
BRH:5
end_of_record
TN:
SF:tests/factories/wifi-factory.ts
FN:6,createWifi
FNF:1
FNH:1
FNDA:3,createWifi
DA:1,6
DA:2,6
DA:3,6
DA:6,6
DA:7,3
DA:8,3
LF:6
LH:6
BRF:0
BRH:0
end_of_record
